#-----------------------------------------------------------
# Webtalk v2015.4 (64-bit)
# SW Build 1412921 on Wed Nov 18 09:43:45 MST 2015
# 
# Start of session at: Fri Jul 13 17:24:13 2018
# Process ID: 8156
# Current directory: F:/Work/2018/RG-2018-YF-001/FPGA/YF-012-V2.0-FPGA/YF-012-V1.0-FPGA/YF-012-V1.0-FPGA.sdk/webtalk
# Command line: wbtcv.exe -mode batch -source sdk_webtalk.tcl
# Log file: F:/Work/2018/RG-2018-YF-001/FPGA/YF-012-V2.0-FPGA/YF-012-V1.0-FPGA/YF-012-V1.0-FPGA.sdk/webtalk/webtalk.log
# Journal file: F:/Work/2018/RG-2018-YF-001/FPGA/YF-012-V2.0-FPGA/YF-012-V1.0-FPGA/YF-012-V1.0-FPGA.sdk/webtalk\webtalk.jou
#-----------------------------------------------------------
source sdk_webtalk.tcl
# webtalk_init -webtalk_dir F:\\Work\\2018\\RG-2018-YF-001\\FPGA\\YF-012-V2.0-FPGA\\YF-012-V1.0-FPGA\\YF-012-V1.0-FPGA.sdk\\webtalk
# webtalk_register_client -client project
# webtalk_add_data -client project -key date_generated -value "ÐÇÆÚÎå ÆßÔÂ 13 17:24:07 2018" -context "software_version_and_target_device"
# webtalk_add_data -client project -key product_version -value "SDK v2015.4" -context "software_version_and_target_device"
# webtalk_add_data -client project -key build_version -value "2015.4" -context "software_version_and_target_device"
# webtalk_add_data -client project -key os_platform -value "amd64" -context "software_version_and_target_device"
# webtalk_add_data -client project -key registration_id -value "" -context "software_version_and_target_device"
# webtalk_add_data -client project -key tool_flow -value "SDK" -context "software_version_and_target_device"
# webtalk_add_data -client project -key beta -value "false" -context "software_version_and_target_device"
# webtalk_add_data -client project -key route_design -value "NA" -context "software_version_and_target_device"
# webtalk_add_data -client project -key target_family -value "NA" -context "software_version_and_target_device"
# webtalk_add_data -client project -key target_device -value "NA" -context "software_version_and_target_device"
# webtalk_add_data -client project -key target_package -value "NA" -context "software_version_and_target_device"
# webtalk_add_data -client project -key target_speed -value "NA" -context "software_version_and_target_device"
# webtalk_add_data -client project -key random_id -value "6pch1abj9dmr8gds3j6ebu470m" -context "software_version_and_target_device"
# webtalk_add_data -client project -key project_id -value "2015.4_111" -context "software_version_and_target_device"
# webtalk_add_data -client project -key project_iteration -value "111" -context "software_version_and_target_device"
# webtalk_add_data -client project -key os_name -value "" -context "user_environment"
# webtalk_add_data -client project -key os_release -value "" -context "user_environment"
# webtalk_add_data -client project -key cpu_name -value "" -context "user_environment"
# webtalk_add_data -client project -key cpu_speed -value "" -context "user_environment"
# webtalk_add_data -client project -key total_processors -value "" -context "user_environment"
# webtalk_add_data -client project -key system_ram -value "" -context "user_environment"
# webtalk_register_client -client sdk
# webtalk_add_data -client sdk -key uid -value "1531302501271" -context "sdk\\\\hardware/1531302501271"
# webtalk_add_data -client sdk -key isZynq -value "true" -context "sdk\\\\hardware/1531302501271"
# webtalk_add_data -client sdk -key Processors -value "2" -context "sdk\\\\hardware/1531302501271"
# webtalk_add_data -client sdk -key VivadoVersion -value "2015.4" -context "sdk\\\\hardware/1531302501271"
# webtalk_add_data -client sdk -key Arch -value "zynq" -context "sdk\\\\hardware/1531302501271"
# webtalk_add_data -client sdk -key Device -value "7z020" -context "sdk\\\\hardware/1531302501271"
# webtalk_add_data -client sdk -key IsHandoff -value "true" -context "sdk\\\\hardware/1531302501271"
# webtalk_add_data -client sdk -key uid -value "1531358843078" -context "sdk\\\\bsp/1531358843078"
# webtalk_add_data -client sdk -key hwid -value "1531302501271" -context "sdk\\\\bsp/1531358843078"
# webtalk_add_data -client sdk -key os -value "standalone" -context "sdk\\\\bsp/1531358843078"
# webtalk_add_data -client sdk -key apptemplate -value "zynq_fsbl" -context "sdk\\\\bsp/1531358843078"
# webtalk_add_data -client sdk -key uid -value "1531358859243" -context "sdk\\\\application/1531358859243"
# webtalk_add_data -client sdk -key hwid -value "1531302501271" -context "sdk\\\\application/1531358859243"
# webtalk_add_data -client sdk -key bspid -value "1531358843078" -context "sdk\\\\application/1531358859243"
# webtalk_add_data -client sdk -key newbsp -value "true" -context "sdk\\\\application/1531358859243"
# webtalk_add_data -client sdk -key os -value "standalone" -context "sdk\\\\application/1531358859243"
# webtalk_add_data -client sdk -key apptemplate -value "zynq_fsbl" -context "sdk\\\\application/1531358859243"
# webtalk_add_data -client sdk -key uid -value "1531358955644" -context "sdk\\\\bsp/1531358955644"
# webtalk_add_data -client sdk -key hwid -value "1531302501271" -context "sdk\\\\bsp/1531358955644"
# webtalk_add_data -client sdk -key os -value "standalone" -context "sdk\\\\bsp/1531358955644"
# webtalk_add_data -client sdk -key apptemplate -value "null" -context "sdk\\\\bsp/1531358955644"
# webtalk_add_data -client sdk -key uid -value "1531359021450" -context "sdk\\\\bsp/1531359021450"
# webtalk_add_data -client sdk -key hwid -value "1531302501271" -context "sdk\\\\bsp/1531359021450"
# webtalk_add_data -client sdk -key os -value "standalone" -context "sdk\\\\bsp/1531359021450"
# webtalk_add_data -client sdk -key apptemplate -value "null" -context "sdk\\\\bsp/1531359021450"
# webtalk_transmit -clientid 3167499156 -regid "" -xml F:\\Work\\2018\\RG-2018-YF-001\\FPGA\\YF-012-V2.0-FPGA\\YF-012-V1.0-FPGA\\YF-012-V1.0-FPGA.sdk\\webtalk\\usage_statistics_ext_sdk.xml -html F:\\Work\\2018\\RG-2018-YF-001\\FPGA\\YF-012-V2.0-FPGA\\YF-012-V1.0-FPGA\\YF-012-V1.0-FPGA.sdk\\webtalk\\usage_statistics_ext_sdk.html -wdm F:\\Work\\2018\\RG-2018-YF-001\\FPGA\\YF-012-V2.0-FPGA\\YF-012-V1.0-FPGA\\YF-012-V1.0-FPGA.sdk\\webtalk\\sdk_webtalk.wdm -intro "<H3>SDK Usage Report</H3><BR>"
# webtalk_terminate
INFO: [Common 17-206] Exiting Webtalk at Fri Jul 13 17:24:16 2018...
