Copyright 1986-2015 Xilinx, Inc. All Rights Reserved.
----------------------------------------------------------------------------------------------------
| Tool Version      : Vivado v.2015.4 (win64) Build 1412921 Wed Nov 18 09:43:45 MST 2015
| Date              : Tue Jan 29 16:32:13 2019
| Host              : WIN-F03HPCLQGPQ running 64-bit major release  (build 9200)
| Command           : report_clock_utilization -file design_ps_wrapper_clock_utilization_routed.rpt
| Design            : design_ps_wrapper
| Device            : 7z020-clg484
| Speed File        : -2  PRODUCTION 1.11 2014-09-11
| Temperature Grade : C
----------------------------------------------------------------------------------------------------

Clock Utilization Report

Table of Contents
-----------------
1. Clock Primitive Utilization
2. Details of Global Clocks
3. Details of Regional Clocks
4. Details of Multi-Regional Clocks
5. Details of I/O Clocks
6. Details of Local Clocks
7. Clock Regions : Key Resource Utilization
8. Net wise resources used in clock region X0Y0
9. Net wise resources used in clock region X1Y0
10. Net wise resources used in clock region X0Y1
11. Net wise resources used in clock region X1Y1
12. Net wise resources used in clock region X0Y2
13. Net wise resources used in clock region X1Y2

1. Clock Primitive Utilization
------------------------------

+-------+------+-----------+-----------+
| Type  | Used | Available | Num Fixed |
+-------+------+-----------+-----------+
| BUFG  |    6 |        32 |         0 |
| BUFH  |    0 |        72 |         0 |
| BUFIO |    0 |        16 |         0 |
| MMCM  |    1 |         4 |         0 |
| PLL   |    0 |         4 |         0 |
| BUFR  |    0 |        16 |         0 |
| BUFMR |    0 |         8 |         0 |
+-------+------+-----------+-----------+


2. Details of Global Clocks
---------------------------

+-------+-------------------------------------------------------------------------+---------------------------------------------------------------+--------------+-------+
|       |                                                                         |                                                               |   Num Loads  |       |
+-------+-------------------------------------------------------------------------+---------------------------------------------------------------+------+-------+-------+
| Index | BUFG Cell                                                               | Net Name                                                      | BELs | Sites | Fixed |
+-------+-------------------------------------------------------------------------+---------------------------------------------------------------+------+-------+-------+
|     1 | dbg_hub/inst/N_EXT_BSCAN.u_bufg_icon_update                             | dbg_hub/inst/UPDATE_temp                                      |    1 |     1 |    no |
|     2 | design_ps_i/clk_wiz_0/inst/clkf_buf                                     | design_ps_i/clk_wiz_0/inst/clkfbout_buf_design_ps_clk_wiz_0_0 |    1 |     1 |    no |
|     3 | dbg_hub/inst/N_EXT_BSCAN.u_bufg_icon                                    | dbg_hub/inst/idrck                                            |  273 |    62 |    no |
|     4 | sl_iport0_o_0[1]_BUFG_inst                                              | sl_iport0_o_0_BUFG[1]                                         | 5255 |  1493 |    no |
|     5 | design_ps_i/processing_system7_0/inst/buffer_fclk_clk_0.FCLK_CLK_0_BUFG | design_ps_i/processing_system7_0/inst/FCLK_CLK0               | 6142 |  1723 |    no |
|     6 | design_ps_i/clk_wiz_0/inst/clkout1_buf                                  | design_ps_i/clk_wiz_0/inst/clk_out1                           | 6322 |  1126 |    no |
+-------+-------------------------------------------------------------------------+---------------------------------------------------------------+------+-------+-------+


+-------+------------------------------------------+-----------------------------------------------------------+--------------+-------+
|       |                                          |                                                           |   Num Loads  |       |
+-------+------------------------------------------+-----------------------------------------------------------+------+-------+-------+
| Index | MMCM Cell                                | Net Name                                                  | BELs | Sites | Fixed |
+-------+------------------------------------------+-----------------------------------------------------------+------+-------+-------+
|     1 | design_ps_i/clk_wiz_0/inst/mmcm_adv_inst | design_ps_i/clk_wiz_0/inst/clk_out1_design_ps_clk_wiz_0_0 |    1 |     1 |    no |
|     2 | design_ps_i/clk_wiz_0/inst/mmcm_adv_inst | design_ps_i/clk_wiz_0/inst/clkfbout_design_ps_clk_wiz_0_0 |    1 |     1 |    no |
+-------+------------------------------------------+-----------------------------------------------------------+------+-------+-------+


3. Details of Regional Clocks
-----------------------------

4. Details of Multi-Regional Clocks
-----------------------------------

5. Details of I/O Clocks
------------------------

6. Details of Local Clocks
--------------------------

7. Clock Regions : Key Resource Utilization
-------------------------------------------

+-------------------+--------------+--------------+--------------+--------------+--------------+--------------+--------------+--------------+--------------+--------------+--------------+--------------+--------------+--------------+--------------+
|                   | Global Clock |     BUFRs    |    BUFMRs    |    BUFIOs    |     MMCM     |      PLL     |      GT      |      PCI     |    ILOGIC    |    OLOGIC    |      FF      |     LUTM     |    RAMB18    |    RAMB36    |    DSP48E1   |
+-------------------+------+-------+------+-------+------+-------+------+-------+------+-------+------+-------+------+-------+------+-------+------+-------+------+-------+------+-------+------+-------+------+-------+------+-------+------+-------+
| Clock Region Name | Used | Avail | Used | Avail | Used | Avail | Used | Avail | Used | Avail | Used | Avail | Used | Avail | Used | Avail | Used | Avail | Used | Avail | Used | Avail | Used | Avail | Used | Avail | Used | Avail | Used | Avail |
+-------------------+------+-------+------+-------+------+-------+------+-------+------+-------+------+-------+------+-------+------+-------+------+-------+------+-------+------+-------+------+-------+------+-------+------+-------+------+-------+
| X0Y0              |    2 |    12 |    0 |     4 |    0 |     2 |    0 |     4 |    0 |     1 |    0 |     1 |    0 |     0 |    0 |     0 |    0 |    50 |    0 |    50 | 1281 | 20000 |  431 |  4000 |    0 |    60 |    0 |    30 |   14 |    60 |
| X1Y0              |    4 |    12 |    0 |     4 |    0 |     2 |    0 |     4 |    1 |     1 |    0 |     1 |    0 |     0 |    0 |     0 |    0 |    50 |    0 |    50 |  345 | 25600 |  144 |  3400 |    0 |    60 |    1 |    30 |    6 |    40 |
| X0Y1              |    2 |    12 |    0 |     0 |    0 |     0 |    0 |     0 |    0 |     0 |    0 |     0 |    0 |     0 |    0 |     0 |    0 |     0 |    0 |     0 | 3862 |  9600 |  785 |  1600 |    0 |    20 |    2 |    10 |   20 |    20 |
| X1Y1              |    3 |    12 |    0 |     4 |    0 |     2 |    0 |     4 |    0 |     1 |    0 |     1 |    0 |     0 |    0 |     0 |    0 |    50 |    0 |    50 | 4237 | 20800 |  885 |  3400 |    8 |    60 |   11 |    30 |   11 |    40 |
| X0Y2              |    3 |    12 |    0 |     0 |    0 |     0 |    0 |     0 |    0 |     0 |    0 |     0 |    0 |     0 |    0 |     0 |    0 |     0 |    0 |     0 | 1895 |  9600 |  196 |  1600 |    0 |    20 |    7 |    10 |    0 |    20 |
| X1Y2              |    5 |    12 |    0 |     4 |    0 |     2 |    0 |     4 |    0 |     1 |    0 |     1 |    0 |     0 |    0 |     0 |    0 |    50 |    0 |    50 | 3391 | 20800 |  418 |  3400 |    1 |    60 |   11 |    30 |    0 |    40 |
+-------------------+------+-------+------+-------+------+-------+------+-------+------+-------+------+-------+------+-------+------+-------+------+-------+------+-------+------+-------+------+-------+------+-------+------+-------+------+-------+
* RAMB36 site can be used as two RAMB18/FIFO18 sites.


8. Net wise resources used in clock region X0Y0
-----------------------------------------------

+-------------+-------------+-------+-----------+----------+---------+-----------+---------+---------+-----+-------+----------+-------------------------------------------------+
| Source Type | BUFHCE Site | Fixed | MMCM Pins | PLL Pins | GT Pins | BRAM Pins | ILOGICs | OLOGICs | FFs | LUTMs | DSP48E1s |                  Clock Net Name                 |
+-------------+-------------+-------+-----------+----------+---------+-----------+---------+---------+-----+-------+----------+-------------------------------------------------+
| BUFG        | BUFHCE_X0Y8 |   no  |         0 |        0 |       0 |         0 |       0 |       0 | 599 |   384 |       14 | design_ps_i/clk_wiz_0/inst/clk_out1             |
| BUFG        | BUFHCE_X0Y9 |   no  |         0 |        0 |       0 |         0 |       0 |       0 | 682 |    47 |        0 | design_ps_i/processing_system7_0/inst/FCLK_CLK0 |
+-------------+-------------+-------+-----------+----------+---------+-----------+---------+---------+-----+-------+----------+-------------------------------------------------+


9. Net wise resources used in clock region X1Y0
-----------------------------------------------

+-------------+-------------+-------+-----------+----------+---------+-----------+---------+---------+-----+-------+----------+---------------------------------------------------------------+
| Source Type | BUFHCE Site | Fixed | MMCM Pins | PLL Pins | GT Pins | BRAM Pins | ILOGICs | OLOGICs | FFs | LUTMs | DSP48E1s |                         Clock Net Name                        |
+-------------+-------------+-------+-----------+----------+---------+-----------+---------+---------+-----+-------+----------+---------------------------------------------------------------+
| BUFG        | BUFHCE_X1Y1 |   no  |         1 |        0 |       0 |         0 |       0 |       0 |   0 |     0 |        0 | design_ps_i/clk_wiz_0/inst/clkfbout_buf_design_ps_clk_wiz_0_0 |
| BUFG        | BUFHCE_X1Y0 |   no  |         1 |        0 |       0 |         0 |       0 |       0 |   0 |     0 |        0 | sl_iport0_o_0_BUFG[1]                                         |
| BUFG        | BUFHCE_X1Y9 |   no  |         0 |        0 |       0 |         2 |       0 |       0 | 118 |     0 |        0 | design_ps_i/processing_system7_0/inst/FCLK_CLK0               |
| BUFG        | BUFHCE_X1Y8 |   no  |         0 |        0 |       0 |         0 |       0 |       0 | 227 |   144 |        6 | design_ps_i/clk_wiz_0/inst/clk_out1                           |
+-------------+-------------+-------+-----------+----------+---------+-----------+---------+---------+-----+-------+----------+---------------------------------------------------------------+


10. Net wise resources used in clock region X0Y1
------------------------------------------------

+-------------+--------------+-------+-----------+----------+---------+-----------+---------+---------+------+-------+----------+-------------------------------------------------+
| Source Type | BUFHCE Site  | Fixed | MMCM Pins | PLL Pins | GT Pins | BRAM Pins | ILOGICs | OLOGICs |  FFs | LUTMs | DSP48E1s |                  Clock Net Name                 |
+-------------+--------------+-------+-----------+----------+---------+-----------+---------+---------+------+-------+----------+-------------------------------------------------+
| BUFG        | BUFHCE_X0Y20 |   no  |         0 |        0 |       0 |         2 |       0 |       0 | 1578 |   643 |       20 | design_ps_i/clk_wiz_0/inst/clk_out1             |
| BUFG        | BUFHCE_X0Y21 |   no  |         0 |        0 |       0 |         0 |       0 |       0 | 2284 |   142 |        0 | design_ps_i/processing_system7_0/inst/FCLK_CLK0 |
+-------------+--------------+-------+-----------+----------+---------+-----------+---------+---------+------+-------+----------+-------------------------------------------------+


11. Net wise resources used in clock region X1Y1
------------------------------------------------

+-------------+--------------+-------+-----------+----------+---------+-----------+---------+---------+------+-------+----------+-------------------------------------------------+
| Source Type | BUFHCE Site  | Fixed | MMCM Pins | PLL Pins | GT Pins | BRAM Pins | ILOGICs | OLOGICs |  FFs | LUTMs | DSP48E1s |                  Clock Net Name                 |
+-------------+--------------+-------+-----------+----------+---------+-----------+---------+---------+------+-------+----------+-------------------------------------------------+
| BUFG        | BUFHCE_X1Y21 |   no  |         0 |        0 |       0 |         3 |       0 |       0 |  355 |    49 |        0 | design_ps_i/processing_system7_0/inst/FCLK_CLK0 |
| BUFG        | BUFHCE_X1Y22 |   no  |         0 |        0 |       0 |        10 |       0 |       0 | 1699 |   384 |        0 | sl_iport0_o_0_BUFG[1]                           |
| BUFG        | BUFHCE_X1Y20 |   no  |         0 |        0 |       0 |        25 |       0 |       0 | 2183 |   452 |       11 | design_ps_i/clk_wiz_0/inst/clk_out1             |
+-------------+--------------+-------+-----------+----------+---------+-----------+---------+---------+------+-------+----------+-------------------------------------------------+


12. Net wise resources used in clock region X0Y2
------------------------------------------------

+-------------+--------------+-------+-----------+----------+---------+-----------+---------+---------+------+-------+----------+-------------------------------------------------+
| Source Type | BUFHCE Site  | Fixed | MMCM Pins | PLL Pins | GT Pins | BRAM Pins | ILOGICs | OLOGICs |  FFs | LUTMs | DSP48E1s |                  Clock Net Name                 |
+-------------+--------------+-------+-----------+----------+---------+-----------+---------+---------+------+-------+----------+-------------------------------------------------+
| BUFG        | BUFHCE_X0Y32 |   no  |         0 |        0 |       0 |         0 |       0 |       0 |   17 |     0 |        0 | design_ps_i/clk_wiz_0/inst/clk_out1             |
| BUFG        | BUFHCE_X0Y34 |   no  |         0 |        0 |       0 |         7 |       0 |       0 |  137 |    83 |        0 | sl_iport0_o_0_BUFG[1]                           |
| BUFG        | BUFHCE_X0Y33 |   no  |         0 |        0 |       0 |         7 |       0 |       0 | 1741 |   113 |        0 | design_ps_i/processing_system7_0/inst/FCLK_CLK0 |
+-------------+--------------+-------+-----------+----------+---------+-----------+---------+---------+------+-------+----------+-------------------------------------------------+


13. Net wise resources used in clock region X1Y2
------------------------------------------------

+-------------+--------------+-------+-----------+----------+---------+-----------+---------+---------+------+-------+----------+-------------------------------------------------+
| Source Type | BUFHCE Site  | Fixed | MMCM Pins | PLL Pins | GT Pins | BRAM Pins | ILOGICs | OLOGICs |  FFs | LUTMs | DSP48E1s |                  Clock Net Name                 |
+-------------+--------------+-------+-----------+----------+---------+-----------+---------+---------+------+-------+----------+-------------------------------------------------+
| BUFG        | BUFHCE_X1Y33 |   no  |         0 |        0 |       0 |         0 |       0 |       0 |    1 |     0 |        0 | dbg_hub/inst/UPDATE_temp                        |
| BUFG        | BUFHCE_X1Y34 |   no  |         0 |        0 |       0 |         0 |       0 |       0 |   23 |     0 |        0 | design_ps_i/clk_wiz_0/inst/clk_out1             |
| BUFG        | BUFHCE_X1Y32 |   no  |         0 |        0 |       0 |         0 |       0 |       0 |  249 |    24 |        0 | dbg_hub/inst/idrck                              |
| BUFG        | BUFHCE_X1Y35 |   no  |         0 |        0 |       0 |         8 |       0 |       0 |  542 |    48 |        0 | design_ps_i/processing_system7_0/inst/FCLK_CLK0 |
| BUFG        | BUFHCE_X1Y24 |   no  |         0 |        0 |       0 |        16 |       0 |       0 | 2576 |   346 |        0 | sl_iport0_o_0_BUFG[1]                           |
+-------------+--------------+-------+-----------+----------+---------+-----------+---------+---------+------+-------+----------+-------------------------------------------------+



# Location of BUFG Primitives 
set_property LOC BUFGCTRL_X0Y2 [get_cells dbg_hub/inst/N_EXT_BSCAN.u_bufg_icon_update]
set_property LOC BUFGCTRL_X0Y1 [get_cells dbg_hub/inst/N_EXT_BSCAN.u_bufg_icon]
set_property LOC BUFGCTRL_X0Y0 [get_cells design_ps_i/clk_wiz_0/inst/clkout1_buf]
set_property LOC BUFGCTRL_X0Y3 [get_cells design_ps_i/clk_wiz_0/inst/clkf_buf]
set_property LOC BUFGCTRL_X0Y16 [get_cells design_ps_i/processing_system7_0/inst/buffer_fclk_clk_0.FCLK_CLK_0_BUFG]
set_property LOC BUFGCTRL_X0Y17 [get_cells sl_iport0_o_0[1]_BUFG_inst]

# Location of IO Clock Primitives

# Location of MMCM Clock Primitives
set_property LOC MMCME2_ADV_X1Y0 [get_cells design_ps_i/clk_wiz_0/inst/mmcm_adv_inst]

# Location of BUFH Clock Primitives

# Location of BUFR Clock Primitives

# Location of BUFMR Clock Primitives

# Location of PLL Clock Primitives

# Location of IO Primitives which is load of clock spine

# Location of clock ports
set_property LOC IOB_X1Y73 [get_ports clk_n]
set_property LOC IOB_X1Y74 [get_ports clk_p]

# Clock net "dbg_hub/inst/UPDATE_temp" driven by instance "dbg_hub/inst/N_EXT_BSCAN.u_bufg_icon_update" located at site "BUFGCTRL_X0Y2"
#startgroup
create_pblock {CLKAG_dbg_hub/inst/UPDATE_temp}
add_cells_to_pblock [get_pblocks  {CLKAG_dbg_hub/inst/UPDATE_temp}] [get_cells -filter { PRIMITIVE_GROUP != I/O && IS_PRIMITIVE==1 && PRIMITIVE_LEVEL !=INTERNAL } -of_object [get_pins -filter {DIRECTION==IN} -of_objects [get_nets -hierarchical -filter {PARENT=="dbg_hub/inst/UPDATE_temp"}]]]
resize_pblock [get_pblocks {CLKAG_dbg_hub/inst/UPDATE_temp}] -add {CLOCKREGION_X1Y2:CLOCKREGION_X1Y2}
#endgroup

# Clock net "dbg_hub/inst/idrck" driven by instance "dbg_hub/inst/N_EXT_BSCAN.u_bufg_icon" located at site "BUFGCTRL_X0Y1"
#startgroup
create_pblock {CLKAG_dbg_hub/inst/idrck}
add_cells_to_pblock [get_pblocks  {CLKAG_dbg_hub/inst/idrck}] [get_cells -filter { PRIMITIVE_GROUP != I/O && IS_PRIMITIVE==1 && PRIMITIVE_LEVEL !=INTERNAL } -of_object [get_pins -filter {DIRECTION==IN} -of_objects [get_nets -hierarchical -filter {PARENT=="dbg_hub/inst/idrck"}]]]
resize_pblock [get_pblocks {CLKAG_dbg_hub/inst/idrck}] -add {CLOCKREGION_X1Y2:CLOCKREGION_X1Y2}
#endgroup

# Clock net "design_ps_i/clk_wiz_0/inst/clk_out1" driven by instance "design_ps_i/clk_wiz_0/inst/clkout1_buf" located at site "BUFGCTRL_X0Y0"
#startgroup
create_pblock {CLKAG_design_ps_i/clk_wiz_0/inst/clk_out1}
add_cells_to_pblock [get_pblocks  {CLKAG_design_ps_i/clk_wiz_0/inst/clk_out1}] [get_cells -filter { PRIMITIVE_GROUP != I/O && IS_PRIMITIVE==1 && PRIMITIVE_LEVEL !=INTERNAL } -of_object [get_pins -filter {DIRECTION==IN} -of_objects [get_nets -hierarchical -filter {PARENT=="design_ps_i/clk_wiz_0/inst/clk_out1"}]]]
resize_pblock [get_pblocks {CLKAG_design_ps_i/clk_wiz_0/inst/clk_out1}] -add {CLOCKREGION_X0Y0:CLOCKREGION_X0Y0 CLOCKREGION_X0Y1:CLOCKREGION_X0Y1 CLOCKREGION_X0Y2:CLOCKREGION_X0Y2 CLOCKREGION_X1Y0:CLOCKREGION_X1Y0 CLOCKREGION_X1Y1:CLOCKREGION_X1Y1 CLOCKREGION_X1Y2:CLOCKREGION_X1Y2}
#endgroup

# Clock net "design_ps_i/processing_system7_0/inst/FCLK_CLK0" driven by instance "design_ps_i/processing_system7_0/inst/buffer_fclk_clk_0.FCLK_CLK_0_BUFG" located at site "BUFGCTRL_X0Y16"
#startgroup
create_pblock {CLKAG_design_ps_i/processing_system7_0/inst/FCLK_CLK0}
add_cells_to_pblock [get_pblocks  {CLKAG_design_ps_i/processing_system7_0/inst/FCLK_CLK0}] [get_cells -filter { PRIMITIVE_GROUP != I/O && IS_PRIMITIVE==1 && PRIMITIVE_LEVEL !=INTERNAL } -of_object [get_pins -filter {DIRECTION==IN} -of_objects [get_nets -hierarchical -filter {PARENT=="design_ps_i/processing_system7_0/inst/FCLK_CLK0"}]]]
resize_pblock [get_pblocks {CLKAG_design_ps_i/processing_system7_0/inst/FCLK_CLK0}] -add {CLOCKREGION_X0Y0:CLOCKREGION_X0Y0 CLOCKREGION_X0Y1:CLOCKREGION_X0Y1 CLOCKREGION_X0Y2:CLOCKREGION_X0Y2 CLOCKREGION_X1Y0:CLOCKREGION_X1Y0 CLOCKREGION_X1Y1:CLOCKREGION_X1Y1 CLOCKREGION_X1Y2:CLOCKREGION_X1Y2}
#endgroup

# Clock net "sl_iport0_o_0_BUFG[1]" driven by instance "sl_iport0_o_0[1]_BUFG_inst" located at site "BUFGCTRL_X0Y17"
#startgroup
create_pblock {CLKAG_sl_iport0_o_0_BUFG[1]}
add_cells_to_pblock [get_pblocks  {CLKAG_sl_iport0_o_0_BUFG[1]}] [get_cells -filter { PRIMITIVE_GROUP != I/O && IS_PRIMITIVE==1 && PRIMITIVE_LEVEL !=INTERNAL && NAME!=design_ps_i/clk_wiz_0/inst/mmcm_adv_inst} -of_object [get_pins -filter {DIRECTION==IN} -of_objects [get_nets -hierarchical -filter {PARENT=="sl_iport0_o_0_BUFG[1]"}]]]
resize_pblock [get_pblocks {CLKAG_sl_iport0_o_0_BUFG[1]}] -add {CLOCKREGION_X0Y2:CLOCKREGION_X0Y2 CLOCKREGION_X1Y1:CLOCKREGION_X1Y1 CLOCKREGION_X1Y2:CLOCKREGION_X1Y2}
#endgroup
