#-----------------------------------------------------------
# Webtalk v2015.4 (64-bit)
# SW Build 1412921 on Wed Nov 18 09:43:45 MST 2015
# 
# Start of session at: Fri Aug 24 10:21:45 2018
# Process ID: 10732
# Current directory: F:/Project/RG-2018-YF-001/FPGA/YF-012-V2.1-FPGA/YF-012-V1.0-FPGA/YF-012-V1.0-FPGA.sdk/webtalk
# Command line: wbtcv.exe -mode batch -source sdk_webtalk.tcl
# Log file: F:/Project/RG-2018-YF-001/FPGA/YF-012-V2.1-FPGA/YF-012-V1.0-FPGA/YF-012-V1.0-FPGA.sdk/webtalk/webtalk.log
# Journal file: F:/Project/RG-2018-YF-001/FPGA/YF-012-V2.1-FPGA/YF-012-V1.0-FPGA/YF-012-V1.0-FPGA.sdk/webtalk\webtalk.jou
#-----------------------------------------------------------
source sdk_webtalk.tcl
# webtalk_init -webtalk_dir F:\\Project\\RG-2018-YF-001\\FPGA\\YF-012-V2.1-FPGA\\YF-012-V1.0-FPGA\\YF-012-V1.0-FPGA.sdk\\webtalk
# webtalk_register_client -client project
# webtalk_add_data -client project -key date_generated -value "ÐÇÆÚÎå °ËÔÂ 24 10:21:44 2018" -context "software_version_and_target_device"
# webtalk_add_data -client project -key product_version -value "SDK v2015.4" -context "software_version_and_target_device"
# webtalk_add_data -client project -key build_version -value "2015.4" -context "software_version_and_target_device"
# webtalk_add_data -client project -key os_platform -value "amd64" -context "software_version_and_target_device"
# webtalk_add_data -client project -key registration_id -value "" -context "software_version_and_target_device"
# webtalk_add_data -client project -key tool_flow -value "SDK" -context "software_version_and_target_device"
# webtalk_add_data -client project -key beta -value "false" -context "software_version_and_target_device"
# webtalk_add_data -client project -key route_design -value "NA" -context "software_version_and_target_device"
# webtalk_add_data -client project -key target_family -value "NA" -context "software_version_and_target_device"
# webtalk_add_data -client project -key target_device -value "NA" -context "software_version_and_target_device"
# webtalk_add_data -client project -key target_package -value "NA" -context "software_version_and_target_device"
# webtalk_add_data -client project -key target_speed -value "NA" -context "software_version_and_target_device"
# webtalk_add_data -client project -key random_id -value "36jpbpbjs1834lo99f17uj5bg0" -context "software_version_and_target_device"
# webtalk_add_data -client project -key project_id -value "2015.4_9" -context "software_version_and_target_device"
# webtalk_add_data -client project -key project_iteration -value "9" -context "software_version_and_target_device"
# webtalk_add_data -client project -key os_name -value "" -context "user_environment"
# webtalk_add_data -client project -key os_release -value "" -context "user_environment"
# webtalk_add_data -client project -key cpu_name -value "" -context "user_environment"
# webtalk_add_data -client project -key cpu_speed -value "" -context "user_environment"
# webtalk_add_data -client project -key total_processors -value "" -context "user_environment"
# webtalk_add_data -client project -key system_ram -value "" -context "user_environment"
# webtalk_register_client -client sdk
# webtalk_add_data -client sdk -key uid -value "1535076668189" -context "sdk\\\\bsp/1535076668189"
# webtalk_add_data -client sdk -key hwid -value "1535000744667" -context "sdk\\\\bsp/1535076668189"
# webtalk_add_data -client sdk -key os -value "standalone" -context "sdk\\\\bsp/1535076668189"
# webtalk_add_data -client sdk -key apptemplate -value "null" -context "sdk\\\\bsp/1535076668189"
# webtalk_add_data -client sdk -key uid -value "1535076811614" -context "sdk\\\\bsp/1535076811614"
# webtalk_add_data -client sdk -key hwid -value "1535000744667" -context "sdk\\\\bsp/1535076811614"
# webtalk_add_data -client sdk -key os -value "standalone" -context "sdk\\\\bsp/1535076811614"
# webtalk_add_data -client sdk -key apptemplate -value "null" -context "sdk\\\\bsp/1535076811614"
# webtalk_transmit -clientid 3392486240 -regid "" -xml F:\\Project\\RG-2018-YF-001\\FPGA\\YF-012-V2.1-FPGA\\YF-012-V1.0-FPGA\\YF-012-V1.0-FPGA.sdk\\webtalk\\usage_statistics_ext_sdk.xml -html F:\\Project\\RG-2018-YF-001\\FPGA\\YF-012-V2.1-FPGA\\YF-012-V1.0-FPGA\\YF-012-V1.0-FPGA.sdk\\webtalk\\usage_statistics_ext_sdk.html -wdm F:\\Project\\RG-2018-YF-001\\FPGA\\YF-012-V2.1-FPGA\\YF-012-V1.0-FPGA\\YF-012-V1.0-FPGA.sdk\\webtalk\\sdk_webtalk.wdm -intro "<H3>SDK Usage Report</H3><BR>"
# webtalk_terminate
INFO: [Common 17-206] Exiting Webtalk at Fri Aug 24 10:24:53 2018...
