#-----------------------------------------------------------
# Webtalk v2015.4 (64-bit)
# SW Build 1412921 on Wed Nov 18 09:43:45 MST 2015
# 
# Start of session at: Thu Aug 23 17:32:31 2018
# Process ID: 5656
# Current directory: F:/Project/RG-2018-YF-001/FPGA/YF-012-V2.1-FPGA/YF-012-V1.0-FPGA/YF-012-V1.0-FPGA.sdk/webtalk
# Command line: wbtcv.exe -mode batch -source sdk_webtalk.tcl
# Log file: F:/Project/RG-2018-YF-001/FPGA/YF-012-V2.1-FPGA/YF-012-V1.0-FPGA/YF-012-V1.0-FPGA.sdk/webtalk/webtalk.log
# Journal file: F:/Project/RG-2018-YF-001/FPGA/YF-012-V2.1-FPGA/YF-012-V1.0-FPGA/YF-012-V1.0-FPGA.sdk/webtalk\webtalk.jou
#-----------------------------------------------------------
source sdk_webtalk.tcl
# webtalk_init -webtalk_dir F:\\Project\\RG-2018-YF-001\\FPGA\\YF-012-V2.1-FPGA\\YF-012-V1.0-FPGA\\YF-012-V1.0-FPGA.sdk\\webtalk
# webtalk_register_client -client project
# webtalk_add_data -client project -key date_generated -value "ÐÇÆÚËÄ °ËÔÂ 23 17:32:30 2018" -context "software_version_and_target_device"
# webtalk_add_data -client project -key product_version -value "SDK v2015.4" -context "software_version_and_target_device"
# webtalk_add_data -client project -key build_version -value "2015.4" -context "software_version_and_target_device"
# webtalk_add_data -client project -key os_platform -value "amd64" -context "software_version_and_target_device"
# webtalk_add_data -client project -key registration_id -value "" -context "software_version_and_target_device"
# webtalk_add_data -client project -key tool_flow -value "SDK" -context "software_version_and_target_device"
# webtalk_add_data -client project -key beta -value "false" -context "software_version_and_target_device"
# webtalk_add_data -client project -key route_design -value "NA" -context "software_version_and_target_device"
# webtalk_add_data -client project -key target_family -value "NA" -context "software_version_and_target_device"
# webtalk_add_data -client project -key target_device -value "NA" -context "software_version_and_target_device"
# webtalk_add_data -client project -key target_package -value "NA" -context "software_version_and_target_device"
# webtalk_add_data -client project -key target_speed -value "NA" -context "software_version_and_target_device"
# webtalk_add_data -client project -key random_id -value "skm9b7vti1msvkvcppa8usbq2q" -context "software_version_and_target_device"
# webtalk_add_data -client project -key project_id -value "2015.4_8" -context "software_version_and_target_device"
# webtalk_add_data -client project -key project_iteration -value "8" -context "software_version_and_target_device"
# webtalk_add_data -client project -key os_name -value "" -context "user_environment"
# webtalk_add_data -client project -key os_release -value "" -context "user_environment"
# webtalk_add_data -client project -key cpu_name -value "" -context "user_environment"
# webtalk_add_data -client project -key cpu_speed -value "" -context "user_environment"
# webtalk_add_data -client project -key total_processors -value "" -context "user_environment"
# webtalk_add_data -client project -key system_ram -value "" -context "user_environment"
# webtalk_register_client -client sdk
# webtalk_add_data -client sdk -key uid -value "1535014790864" -context "sdk\\\\bsp/1535014790864"
# webtalk_add_data -client sdk -key hwid -value "1535000744667" -context "sdk\\\\bsp/1535014790864"
# webtalk_add_data -client sdk -key os -value "standalone" -context "sdk\\\\bsp/1535014790864"
# webtalk_add_data -client sdk -key apptemplate -value "null" -context "sdk\\\\bsp/1535014790864"
# webtalk_add_data -client sdk -key uid -value "1535016453414" -context "sdk\\\\bsp/1535016453414"
# webtalk_add_data -client sdk -key hwid -value "1535000744667" -context "sdk\\\\bsp/1535016453414"
# webtalk_add_data -client sdk -key os -value "standalone" -context "sdk\\\\bsp/1535016453414"
# webtalk_add_data -client sdk -key apptemplate -value "null" -context "sdk\\\\bsp/1535016453414"
# webtalk_transmit -clientid 2285391373 -regid "" -xml F:\\Project\\RG-2018-YF-001\\FPGA\\YF-012-V2.1-FPGA\\YF-012-V1.0-FPGA\\YF-012-V1.0-FPGA.sdk\\webtalk\\usage_statistics_ext_sdk.xml -html F:\\Project\\RG-2018-YF-001\\FPGA\\YF-012-V2.1-FPGA\\YF-012-V1.0-FPGA\\YF-012-V1.0-FPGA.sdk\\webtalk\\usage_statistics_ext_sdk.html -wdm F:\\Project\\RG-2018-YF-001\\FPGA\\YF-012-V2.1-FPGA\\YF-012-V1.0-FPGA\\YF-012-V1.0-FPGA.sdk\\webtalk\\sdk_webtalk.wdm -intro "<H3>SDK Usage Report</H3><BR>"
# webtalk_terminate
INFO: [Common 17-206] Exiting Webtalk at Thu Aug 23 17:33:49 2018...
